<?xml version="1.0" encoding="UTF-8"?>
<!-- Generated by org.testng.reporters.JUnitXMLReporter -->
<testsuite ignored="0" hostname="Peninah" failures="0" tests="1" name="Command line test" time="0.075" errors="0" timestamp="2025-12-02T11:44:03 SAST">
  <testcase classname="base.BaseTests" name="@BeforeClass setUp" time="0.018">
    <failure type="java.lang.NullPointerException" message="Cannot invoke &amp;quot;org.openqa.selenium.WebDriver.get(String)&amp;quot; because &amp;quot;this.driver&amp;quot; is null">
      <![CDATA[java.lang.NullPointerException: Cannot invoke "org.openqa.selenium.WebDriver.get(String)" because "this.driver" is null
at base.BaseTests.goHome(BaseTests.java:26)
at base.BaseTests.setUp(BaseTests.java:45)
at java.base/java.util.ArrayList.forEach(ArrayList.java:1604)
at base.BaseTests.main(BaseTests.java:35)
... Removed 20 stack frames]]>
    </failure>
  </testcase> <!-- @BeforeClass setUp -->
  <testcase classname="base.BaseTests" name="@BeforeClass suppressWarnings" time="0.0">
    <skipped/>
  </testcase> <!-- @BeforeClass suppressWarnings -->
  <testcase classname="base.BaseTests" name="@BeforeMethod goHome" time="0.0">
    <skipped/>
  </testcase> <!-- @BeforeMethod goHome -->
  <testcase classname="base.BaseTests" name="@AfterClass tearDown" time="0.0">
    <skipped/>
  </testcase> <!-- @AfterClass tearDown -->
  <testcase classname="login.LoginTests" name="testSuccessfullLogin" time="0.001">
    <skipped/>
  </testcase> <!-- testSuccessfullLogin -->
</testsuite> <!-- Command line test -->
