<?xml version="1.0" encoding="UTF-8"?>
<!-- Generated by org.testng.reporters.JUnitXMLReporter -->
<testsuite ignored="0" hostname="Peninah" failures="1" tests="1" name="Command line test" time="8.37" errors="0" timestamp="2025-11-18T17:21:41 SAST">
  <testcase classname="login.LoginTests" name="testSuccessfullLogin" time="2.327">
    <failure type="org.openqa.selenium.StaleElementReferenceException" message="stale element reference: stale element not found
  (Session info: chrome=142.0.7444.136)
For documentation on this error, please visit: https://www.selenium.dev/documentation/webdriver/troubleshooting/errors#staleelementreferenceexception
Build info: version: &amp;apos;4.37.0&amp;apos;, revision: &amp;apos;3c1da1e342&amp;apos;
System info: os.name: &amp;apos;Windows 11&amp;apos;, os.arch: &amp;apos;amd64&amp;apos;, os.version: &amp;apos;10.0&amp;apos;, java.version: &amp;apos;25&amp;apos;
Driver info: org.openqa.selenium.chrome.ChromeDriver
Command: [71ba70ee2fccdb84ea249b568024654f, clickElement {id=f.4E4BCC5C6280165338F42A8D581A4855.d.8403749783099846D0D6EB6FF7936393.e.9}]
Capabilities {acceptInsecureCerts: false, browserName: chrome, browserVersion: 142.0.7444.136, chrome: {chromedriverVersion: 142.0.7444.61 (9884f628acbc..., userDataDir: C:\Users\penin\AppData\Loca...}, fedcm:accounts: true, goog:chromeOptions: {debuggerAddress: localhost:49274}, goog:processID: 14216, networkConnectionEnabled: false, pageLoadStrategy: normal, platformName: windows, proxy: Proxy(), se:cdp: ws://localhost:49274/devtoo..., se:cdpVersion: 142.0.7444.136, setWindowRect: true, strictFileInteractability: false, timeouts: {implicit: 0, pageLoad: 300000, script: 30000}, unhandledPromptBehavior: dismiss and notify, webauthn:extension:credBlob: true, webauthn:extension:largeBlob: true, webauthn:extension:minPinLength: true, webauthn:extension:prf: true, webauthn:virtualAuthenticators: true}
Element: [[ChromeDriver: chrome on windows (71ba70ee2fccdb84ea249b568024654f)] -&amp;gt; css selector: #login button]
Session ID: 71ba70ee2fccdb84ea249b568024654f">
      <![CDATA[org.openqa.selenium.StaleElementReferenceException: stale element reference: stale element not found
  (Session info: chrome=142.0.7444.136)
For documentation on this error, please visit: https://www.selenium.dev/documentation/webdriver/troubleshooting/errors#staleelementreferenceexception
Build info: version: '4.37.0', revision: '3c1da1e342'
System info: os.name: 'Windows 11', os.arch: 'amd64', os.version: '10.0', java.version: '25'
Driver info: org.openqa.selenium.chrome.ChromeDriver
Command: [71ba70ee2fccdb84ea249b568024654f, clickElement {id=f.4E4BCC5C6280165338F42A8D581A4855.d.8403749783099846D0D6EB6FF7936393.e.9}]
Capabilities {acceptInsecureCerts: false, browserName: chrome, browserVersion: 142.0.7444.136, chrome: {chromedriverVersion: 142.0.7444.61 (9884f628acbc..., userDataDir: C:\Users\penin\AppData\Loca...}, fedcm:accounts: true, goog:chromeOptions: {debuggerAddress: localhost:49274}, goog:processID: 14216, networkConnectionEnabled: false, pageLoadStrategy: normal, platformName: windows, proxy: Proxy(), se:cdp: ws://localhost:49274/devtoo..., se:cdpVersion: 142.0.7444.136, setWindowRect: true, strictFileInteractability: false, timeouts: {implicit: 0, pageLoad: 300000, script: 30000}, unhandledPromptBehavior: dismiss and notify, webauthn:extension:credBlob: true, webauthn:extension:largeBlob: true, webauthn:extension:minPinLength: true, webauthn:extension:prf: true, webauthn:virtualAuthenticators: true}
Element: [[ChromeDriver: chrome on windows (71ba70ee2fccdb84ea249b568024654f)] -> css selector: #login button]
Session ID: 71ba70ee2fccdb84ea249b568024654f
at org.openqa.selenium.remote.ErrorCodec.decode(ErrorCodec.java:167)
at org.openqa.selenium.remote.codec.w3c.W3CHttpResponseCodec.decode(W3CHttpResponseCodec.java:138)
at org.openqa.selenium.remote.codec.w3c.W3CHttpResponseCodec.decode(W3CHttpResponseCodec.java:50)
at org.openqa.selenium.remote.HttpCommandExecutor.execute(HttpCommandExecutor.java:215)
at org.openqa.selenium.remote.service.DriverCommandExecutor.invokeExecute(DriverCommandExecutor.java:216)
at org.openqa.selenium.remote.service.DriverCommandExecutor.execute(DriverCommandExecutor.java:174)
at org.openqa.selenium.remote.RemoteWebDriver.execute(RemoteWebDriver.java:557)
at org.openqa.selenium.remote.RemoteWebElement.execute(RemoteWebElement.java:223)
at org.openqa.selenium.remote.RemoteWebElement.click(RemoteWebElement.java:76)
at org.example.LoginPage.clickLoginButton(LoginPage.java:25)
at login.LoginTests.testSuccessfullLogin(LoginTests.java:20)
at java.base/java.util.ArrayList.forEach(ArrayList.java:1604)
at base.BaseTests.main(BaseTests.java:41)
... Removed 25 stack frames]]>
    </failure>
  </testcase> <!-- testSuccessfullLogin -->
</testsuite> <!-- Command line test -->
